<?xml version="1.0" encoding="UTF-8"?>
<!-- Generated by org.testng.reporters.JUnitReportReporter -->
<testsuite skipped="0" hostname="sanjulakhith" name="com.testCases.FB.FaceBookLogin" tests="1" failures="0" timestamp="29 Sep 2019 04:02:21 GMT" time="17.140" errors="0">
  <testcase name="fbFunctionalityTest" time="17.140" classname="com.testCases.FB.FaceBookLogin"/>
</testsuite> <!-- com.testCases.FB.FaceBookLogin -->
