<?xml version="1.0" encoding="UTF-8"?>
<!-- Generated by org.testng.reporters.JUnitReportReporter -->
<testsuite skipped="0" hostname="sanjulakhith" name="com.testCases.FB.FaceBookLogin" tests="1" failures="0" timestamp="28 Sep 2019 18:05:26 GMT" time="15.121" errors="0">
  <testcase name="fbFunctionalityTest" time="15.121" classname="com.testCases.FB.FaceBookLogin"/>
</testsuite> <!-- com.testCases.FB.FaceBookLogin -->
